This file contains any messages produced by compilers while
running configure, to aid debugging if configure makes a mistake.

It was created by bumblebee configure 3.2.1, which was
generated by GNU Autoconf 2.71.  Invocation command line was

  $ /Users/baptiste/Documents/Bumblebee/configure

## --------- ##
## Platform. ##
## --------- ##

hostname = MacBook-Pro-de-Baptiste.local
uname -m = arm64
uname -r = 21.6.0
uname -s = Darwin
uname -v = Darwin Kernel Version 21.6.0: Wed Aug 10 14:28:23 PDT 2022; root:xnu-8020.141.5~2/RELEASE_ARM64_T6000

/usr/bin/uname -p = arm
/bin/uname -X     = unknown

/bin/arch              = unknown
/usr/bin/arch -k       = unknown
/usr/convex/getsysinfo = unknown
/usr/bin/hostinfo      = Mach kernel version:
	 Darwin Kernel Version 21.6.0: Wed Aug 10 14:28:23 PDT 2022; root:xnu-8020.141.5~2/RELEASE_ARM64_T6000
Kernel configured for up to 8 processors.
8 processors are physically available.
8 processors are logically available.
Processor type: arm64e (ARM64E)
Processors active: 0 1 2 3 4 5 6 7
Primary memory available: 16.00 gigabytes
Default processor set: 506 tasks, 2991 threads, 8 processors
Load average: 3.13, Mach factor: 4.94
/bin/machine           = unknown
/usr/bin/oslevel       = unknown
/bin/universe          = unknown

PATH: /Users/baptiste/.rvm/gems/ruby-3.0.0/bin/
PATH: /Users/baptiste/.rvm/gems/ruby-3.0.0@global/bin/
PATH: /Users/baptiste/.rvm/rubies/ruby-3.0.0/bin/
PATH: /opt/local/bin/
PATH: /opt/local/sbin/
PATH: /opt/homebrew/bin/
PATH: /opt/homebrew/sbin/
PATH: /Library/Frameworks/Python.framework/Versions/3.9/bin/
PATH: /usr/local/bin/
PATH: /usr/bin/
PATH: /bin/
PATH: /usr/sbin/
PATH: /sbin/
PATH: /Library/Apple/usr/bin/
PATH: /Users/baptiste/Library/Android/sdk/emulator/
PATH: /Users/baptiste/Library/Android/sdk/platform-tools/
PATH: /Users/baptiste/Library/Android/sdk/emulator/
PATH: /Users/baptiste/Library/Android/sdk/platform-tools/
PATH: /Users/baptiste/Library/Application Support/JetBrains/Toolbox/scripts/
PATH: //Users/baptiste/Desktop/flutter/bin/
PATH: //Users/baptiste/flutter/flutter/bin/
PATH: /Users/baptiste/.rvm/bin/


## ----------- ##
## Core tests. ##
## ----------- ##

configure:2185: looking for aux files: compile missing install-sh
configure:2198:  trying /Users/baptiste/Documents/Bumblebee/build-aux/
configure:2227:   /Users/baptiste/Documents/Bumblebee/build-aux/compile found
configure:2227:   /Users/baptiste/Documents/Bumblebee/build-aux/missing found
configure:2209:   /Users/baptiste/Documents/Bumblebee/build-aux/install-sh found
configure:2511: checking for a BSD-compatible install
configure:2584: result: /opt/homebrew/bin/ginstall -c
configure:2595: checking whether build environment is sane
configure:2650: result: yes
configure:2809: checking for a race-free mkdir -p
configure:2853: result: /opt/homebrew/bin/gmkdir -p
configure:2860: checking for gawk
configure:2895: result: no
configure:2860: checking for mawk
configure:2895: result: no
configure:2860: checking for nawk
configure:2895: result: no
configure:2860: checking for awk
configure:2881: found /usr/bin/awk
configure:2892: result: awk
configure:2903: checking whether make sets $(MAKE)
configure:2926: result: yes
configure:2956: checking whether make supports nested variables
configure:2974: result: yes
configure:3049: checking how to create a pax tar archive
configure:3060: tar --version
bsdtar 3.5.1 - libarchive 3.5.1 zlib/1.2.11 liblzma/5.0.5 bz2lib/1.0.8 
configure:3063: $? = 0
configure:3103: tardir=conftest.dir && eval tar --format=posix -chf - "$tardir" >conftest.tar
configure:3106: $? = 0
configure:3110: tar -xf - <conftest.tar
configure:3113: $? = 0
configure:3115: cat conftest.dir/file
GrepMe
configure:3118: $? = 0
configure:3132: result: gnutar
configure:3314: checking for gcc
configure:3335: found /usr/bin/gcc
configure:3346: result: gcc
configure:3699: checking for C compiler version
configure:3708: gcc --version >&5
Apple clang version 14.0.0 (clang-1400.0.29.202)
Target: arm64-apple-darwin21.6.0
Thread model: posix
InstalledDir: /Users/baptiste/Downloads/Xcode.app/Contents/Developer/Toolchains/XcodeDefault.xctoolchain/usr/bin
configure:3719: $? = 0
configure:3708: gcc -v >&5
Apple clang version 14.0.0 (clang-1400.0.29.202)
Target: arm64-apple-darwin21.6.0
Thread model: posix
InstalledDir: /Users/baptiste/Downloads/Xcode.app/Contents/Developer/Toolchains/XcodeDefault.xctoolchain/usr/bin
configure:3719: $? = 0
configure:3708: gcc -V >&5
clang: error: argument to '-V' is missing (expected 1 value)
clang: error: no input files
configure:3719: $? = 1
configure:3708: gcc -qversion >&5
clang: error: unknown argument '-qversion'; did you mean '--version'?
clang: error: no input files
configure:3719: $? = 1
configure:3708: gcc -version >&5
clang: error: unknown argument '-version'; did you mean '--version'?
clang: error: no input files
configure:3719: $? = 1
configure:3739: checking whether the C compiler works
configure:3761: gcc    conftest.c  >&5
configure:3765: $? = 0
configure:3815: result: yes
configure:3818: checking for C compiler default output file name
configure:3820: result: a.out
configure:3826: checking for suffix of executables
configure:3833: gcc -o conftest    conftest.c  >&5
configure:3837: $? = 0
configure:3860: result: 
configure:3882: checking whether we are cross compiling
configure:3890: gcc -o conftest    conftest.c  >&5
configure:3894: $? = 0
configure:3901: ./conftest
configure:3905: $? = 0
configure:3920: result: no
configure:3925: checking for suffix of object files
configure:3948: gcc -c   conftest.c >&5
configure:3952: $? = 0
configure:3974: result: o
configure:3978: checking whether the compiler supports GNU C
configure:3998: gcc -c   conftest.c >&5
configure:3998: $? = 0
configure:4008: result: yes
configure:4019: checking whether gcc accepts -g
configure:4040: gcc -c -g  conftest.c >&5
configure:4040: $? = 0
configure:4084: result: yes
configure:4104: checking for gcc option to enable C11 features
configure:4119: gcc  -c -g -O2  conftest.c >&5
configure:4119: $? = 0
configure:4137: result: none needed
configure:4253: checking whether gcc understands -c and -o together
configure:4276: gcc -c conftest.c -o conftest2.o
configure:4279: $? = 0
configure:4276: gcc -c conftest.c -o conftest2.o
configure:4279: $? = 0
configure:4291: result: yes
configure:4311: checking whether make supports the include directive
configure:4326: make -f confmf.GNU && cat confinc.out
this is the am__doit target
configure:4329: $? = 0
configure:4348: result: yes (GNU style)
configure:4374: checking dependency style of gcc
configure:4486: result: gcc3
configure:4504: checking for help2man
configure:4542: result: no
configure:4556: WARNING: cannot find help2man, you will not be able to generate
		manpages
configure:4632: checking for pkg-config
configure:4655: found /opt/homebrew/bin/pkg-config
configure:4667: result: /opt/homebrew/bin/pkg-config
configure:4692: checking pkg-config is at least version 0.9.0
configure:4695: result: yes
configure:4705: checking for x11
configure:4712: $PKG_CONFIG --exists --print-errors "x11"
configure:4715: $? = 0
configure:4729: $PKG_CONFIG --exists --print-errors "x11"
configure:4732: $? = 0
configure:4790: result: yes
configure:4796: checking for glib-2.0
configure:4803: $PKG_CONFIG --exists --print-errors "glib-2.0"
configure:4806: $? = 0
configure:4820: $PKG_CONFIG --exists --print-errors "glib-2.0"
configure:4823: $? = 0
configure:4881: result: yes
configure:4890: checking for libbsd >= 0.2.0
configure:4897: $PKG_CONFIG --exists --print-errors "libbsd >= 0.2.0"
Package libbsd was not found in the pkg-config search path.
Perhaps you should add the directory containing `libbsd.pc'
to the PKG_CONFIG_PATH environment variable
No package 'libbsd' found
configure:4900: $? = 1
configure:4914: $PKG_CONFIG --exists --print-errors "libbsd >= 0.2.0"
Package libbsd was not found in the pkg-config search path.
Perhaps you should add the directory containing `libbsd.pc'
to the PKG_CONFIG_PATH environment variable
No package 'libbsd' found
configure:4917: $? = 1
configure:4931: result: no
No package 'libbsd' found
configure:4947: error: Package requirements (libbsd >= 0.2.0) were not met:

No package 'libbsd' found

Consider adjusting the PKG_CONFIG_PATH environment variable if you
installed software in a non-standard prefix.

Alternatively, you may set the environment variables libbsd_CFLAGS
and libbsd_LIBS to avoid the need to call pkg-config.
See the pkg-config man page for more details.

## ---------------- ##
## Cache variables. ##
## ---------------- ##

ac_cv_c_compiler_gnu=yes
ac_cv_env_CC_set=
ac_cv_env_CC_value=
ac_cv_env_CFLAGS_set=
ac_cv_env_CFLAGS_value=
ac_cv_env_CONF_BRIDGE_set=
ac_cv_env_CONF_BRIDGE_value=
ac_cv_env_CONF_DRIVER_MODULE_NVIDIA_set=
ac_cv_env_CONF_DRIVER_MODULE_NVIDIA_value=
ac_cv_env_CONF_DRIVER_set=
ac_cv_env_CONF_DRIVER_value=
ac_cv_env_CONF_LDPATH_NVIDIA_set=
ac_cv_env_CONF_LDPATH_NVIDIA_value=
ac_cv_env_CONF_MODPATH_NVIDIA_set=
ac_cv_env_CONF_MODPATH_NVIDIA_value=
ac_cv_env_CONF_PIDFILE_set=
ac_cv_env_CONF_PIDFILE_value=
ac_cv_env_CONF_PM_METHOD_set=
ac_cv_env_CONF_PM_METHOD_value=
ac_cv_env_CONF_PRIMUS_LD_PATH_set=
ac_cv_env_CONF_PRIMUS_LD_PATH_value=
ac_cv_env_CPPFLAGS_set=
ac_cv_env_CPPFLAGS_value=
ac_cv_env_LDFLAGS_set=
ac_cv_env_LDFLAGS_value=
ac_cv_env_LIBS_set=
ac_cv_env_LIBS_value=
ac_cv_env_PKG_CONFIG_LIBDIR_set=
ac_cv_env_PKG_CONFIG_LIBDIR_value=
ac_cv_env_PKG_CONFIG_PATH_set=
ac_cv_env_PKG_CONFIG_PATH_value=
ac_cv_env_PKG_CONFIG_set=
ac_cv_env_PKG_CONFIG_value=
ac_cv_env_build_alias_set=
ac_cv_env_build_alias_value=
ac_cv_env_glib_CFLAGS_set=
ac_cv_env_glib_CFLAGS_value=
ac_cv_env_glib_LIBS_set=
ac_cv_env_glib_LIBS_value=
ac_cv_env_host_alias_set=
ac_cv_env_host_alias_value=
ac_cv_env_libbsd_CFLAGS_set=
ac_cv_env_libbsd_CFLAGS_value=
ac_cv_env_libbsd_LIBS_set=
ac_cv_env_libbsd_LIBS_value=
ac_cv_env_target_alias_set=
ac_cv_env_target_alias_value=
ac_cv_env_x11_CFLAGS_set=
ac_cv_env_x11_CFLAGS_value=
ac_cv_env_x11_LIBS_set=
ac_cv_env_x11_LIBS_value=
ac_cv_objext=o
ac_cv_path_ac_pt_PKG_CONFIG=/opt/homebrew/bin/pkg-config
ac_cv_path_install='/opt/homebrew/bin/ginstall -c'
ac_cv_path_mkdir=/opt/homebrew/bin/gmkdir
ac_cv_prog_AWK=awk
ac_cv_prog_ac_ct_CC=gcc
ac_cv_prog_cc_c11=
ac_cv_prog_cc_g=yes
ac_cv_prog_cc_stdc=
ac_cv_prog_make_make_set=yes
am_cv_CC_dependencies_compiler_type=gcc3
am_cv_make_support_nested_variables=yes
am_cv_prog_cc_c_o=yes
am_cv_prog_tar_pax=gnutar
pkg_cv_glib_CFLAGS='-I/opt/homebrew/Cellar/glib/2.76.1/include/glib-2.0 -I/opt/homebrew/Cellar/glib/2.76.1/lib/glib-2.0/include -I/opt/homebrew/opt/gettext/include -I/opt/homebrew/Cellar/pcre2/10.42/include'
pkg_cv_glib_LIBS='-L/opt/homebrew/Cellar/glib/2.76.1/lib -L/opt/homebrew/opt/gettext/lib -lglib-2.0 -lintl'
pkg_cv_x11_CFLAGS='-I/opt/homebrew/Cellar/libx11/1.8.4/include -I/opt/homebrew/Cellar/libxcb/1.15_1/include -I/opt/homebrew/Cellar/libxau/1.0.11/include -I/opt/homebrew/Cellar/libxdmcp/1.1.4/include -I/opt/homebrew/Cellar/xorgproto/2022.2/include'
pkg_cv_x11_LIBS='-L/opt/homebrew/Cellar/libx11/1.8.4/lib -lX11'

## ----------------- ##
## Output variables. ##
## ----------------- ##

ACLOCAL='${SHELL} '\''/Users/baptiste/Documents/Bumblebee/build-aux/missing'\'' aclocal-1.16'
AMDEPBACKSLASH='\'
AMDEP_FALSE='#'
AMDEP_TRUE=''
AMTAR='$${TAR-tar}'
AM_BACKSLASH='\'
AM_DEFAULT_V='$(AM_DEFAULT_VERBOSITY)'
AM_DEFAULT_VERBOSITY='1'
AM_V='$(V)'
AUTOCONF='${SHELL} '\''/Users/baptiste/Documents/Bumblebee/build-aux/missing'\'' autoconf'
AUTOHEADER='${SHELL} '\''/Users/baptiste/Documents/Bumblebee/build-aux/missing'\'' autoheader'
AUTOMAKE='${SHELL} '\''/Users/baptiste/Documents/Bumblebee/build-aux/missing'\'' automake-1.16'
AWK='awk'
CC='gcc'
CCDEPMODE='depmode=gcc3'
CFLAGS='-g -O2'
CONF_BRIDGE='auto'
CONF_DRIVER=''
CONF_DRIVER_MODULE_NVIDIA=''
CONF_FALLBACKSTART='false'
CONF_GID='bumblebee'
CONF_KEEPONEXIT='false'
CONF_LDPATH_NVIDIA=''
CONF_MODPATH_NVIDIA=''
CONF_PIDFILE='/var/run/bumblebeed.pid'
CONF_PM_METHOD='auto'
CONF_PRIMUS_LD_PATH='/usr/lib/primus:/usr/lib32/primus'
CONF_SOCKPATH='/var/run/bumblebee.socket'
CONF_TURNOFFATEXIT='false'
CONF_VGLCOMPRESS='proxy'
CONF_XDISP=':8'
CPPFLAGS=''
CSCOPE='cscope'
CTAGS='ctags'
CYGPATH_W='echo'
DEFS=''
DEPDIR='.deps'
ECHO_C='\c'
ECHO_N=''
ECHO_T=''
ETAGS='etags'
EXEEXT=''
HAVE_HELP2MAN_FALSE=''
HAVE_HELP2MAN_TRUE='#'
HELP2MAN=''
INSTALL_DATA='${INSTALL} -m 644'
INSTALL_PROGRAM='${INSTALL}'
INSTALL_SCRIPT='${INSTALL}'
INSTALL_STRIP_PROGRAM='$(install_sh) -c -s'
LDFLAGS=''
LIBOBJS=''
LIBS=''
LTLIBOBJS=''
MAKEINFO='${SHELL} '\''/Users/baptiste/Documents/Bumblebee/build-aux/missing'\'' makeinfo'
MKDIR_P='/opt/homebrew/bin/gmkdir -p'
OBJEXT='o'
PACKAGE='bumblebee'
PACKAGE_BUGREPORT=''
PACKAGE_NAME='bumblebee'
PACKAGE_STRING='bumblebee 3.2.1'
PACKAGE_TARNAME='bumblebee'
PACKAGE_URL=''
PACKAGE_VERSION='3.2.1'
PATH_SEPARATOR=':'
PKG_CONFIG='/opt/homebrew/bin/pkg-config'
PKG_CONFIG_LIBDIR=''
PKG_CONFIG_PATH=''
SET_MAKE=''
SHELL='/bin/sh'
STRIP=''
UDEV_RULES_DIR='/lib/udev/rules.d'
VERSION='3.2.1'
WITH_PIDFILE_FALSE='#'
WITH_PIDFILE_TRUE=''
WITH_UDEV_RULES_FALSE='#'
WITH_UDEV_RULES_TRUE=''
ac_ct_CC='gcc'
am__EXEEXT_FALSE=''
am__EXEEXT_TRUE=''
am__fastdepCC_FALSE='#'
am__fastdepCC_TRUE=''
am__include='include'
am__isrc=' -I$(srcdir)'
am__leading_dot='.'
am__nodep='_no'
am__quote=''
am__tar='tar --format=posix -chf - "$$tardir"'
am__untar='tar -xf -'
bindir='${exec_prefix}/bin'
build_alias=''
datadir='${datarootdir}'
datarootdir='${prefix}/share'
docdir='${datarootdir}/doc/${PACKAGE_TARNAME}'
dvidir='${docdir}'
exec_prefix='NONE'
glib_CFLAGS='-I/opt/homebrew/Cellar/glib/2.76.1/include/glib-2.0 -I/opt/homebrew/Cellar/glib/2.76.1/lib/glib-2.0/include -I/opt/homebrew/opt/gettext/include -I/opt/homebrew/Cellar/pcre2/10.42/include'
glib_LIBS='-L/opt/homebrew/Cellar/glib/2.76.1/lib -L/opt/homebrew/opt/gettext/lib -lglib-2.0 -lintl'
host_alias=''
htmldir='${docdir}'
includedir='${prefix}/include'
infodir='${datarootdir}/info'
install_sh='${SHELL} /Users/baptiste/Documents/Bumblebee/build-aux/install-sh'
libbsd_CFLAGS=''
libbsd_LIBS=''
libdir='${exec_prefix}/lib'
libexecdir='${exec_prefix}/libexec'
localedir='${datarootdir}/locale'
localstatedir='${prefix}/var'
mandir='${datarootdir}/man'
mkdir_p='$(MKDIR_P)'
oldincludedir='/usr/include'
pdfdir='${docdir}'
prefix='NONE'
program_transform_name='s,x,x,'
psdir='${docdir}'
regular_CFLAGS='-Wall -Waggregate-return 	-Wmissing-declarations -Wmissing-prototypes -Wredundant-decls 	-Wshadow -Wstrict-prototypes -Winline -Wformat=2 -pipe'
regular_CPPFLAGS='-D_FILE_OFFSET_BITS=64 -D_REENTRANT'
runstatedir='${localstatedir}/run'
sbindir='${exec_prefix}/sbin'
sharedstatedir='${prefix}/com'
sysconfdir='${prefix}/etc'
target_alias=''
x11_CFLAGS='-I/opt/homebrew/Cellar/libx11/1.8.4/include -I/opt/homebrew/Cellar/libxcb/1.15_1/include -I/opt/homebrew/Cellar/libxau/1.0.11/include -I/opt/homebrew/Cellar/libxdmcp/1.1.4/include -I/opt/homebrew/Cellar/xorgproto/2022.2/include'
x11_LIBS='-L/opt/homebrew/Cellar/libx11/1.8.4/lib -lX11'

## ----------- ##
## confdefs.h. ##
## ----------- ##

/* confdefs.h */
#define PACKAGE_NAME "bumblebee"
#define PACKAGE_TARNAME "bumblebee"
#define PACKAGE_VERSION "3.2.1"
#define PACKAGE_STRING "bumblebee 3.2.1"
#define PACKAGE_BUGREPORT ""
#define PACKAGE_URL ""
#define CONF_XDISP ":8"
#define CONF_SOCKPATH "/var/run/bumblebee.socket"
#define CONF_GID "bumblebee"
#define CONF_KEEPONEXIT "false"
#define CONF_FALLBACKSTART "false"
#define CONF_VGLCOMPRESS "proxy"
#define CONF_TURNOFFATEXIT "false"
#define CONF_BRIDGE "auto"
#define CONF_PRIMUS_LD_PATH "/usr/lib/primus:/usr/lib32/primus"
#define CONF_PIDFILE "/var/run/bumblebeed.pid"
#define CONF_PM_METHOD "auto"
#define CONF_DRIVER ""
#define CONF_DRIVER_MODULE_NVIDIA ""
#define CONF_LDPATH_NVIDIA ""
#define CONF_MODPATH_NVIDIA ""
#define DAEMON_NAME "bumblebeed"
#define PACKAGE "bumblebee"
#define VERSION "3.2.1"
#define WITH_PIDFILE 1

configure: exit 1
